{"/home/gaian/assignments/week-3/01-middlewares/03-errorcount.js": {"path":"/home/gaian/assignments/week-3/01-middlewares/03-errorcount.js","all":false,"statementMap":{"0":{"start":{"line":1,"column":0},"end":{"line":1,"column":37}},"1":{"start":{"line":2,"column":0},"end":{"line":2,"column":33}},"2":{"start":{"line":3,"column":0},"end":{"line":3,"column":35}},"3":{"start":{"line":4,"column":0},"end":{"line":4,"column":0}},"4":{"start":{"line":5,"column":0},"end":{"line":5,"column":22}},"5":{"start":{"line":6,"column":0},"end":{"line":6,"column":19}},"6":{"start":{"line":7,"column":0},"end":{"line":7,"column":0}},"7":{"start":{"line":8,"column":0},"end":{"line":8,"column":67}},"8":{"start":{"line":9,"column":0},"end":{"line":9,"column":18}},"9":{"start":{"line":10,"column":0},"end":{"line":10,"column":87}},"10":{"start":{"line":11,"column":0},"end":{"line":11,"column":112}},"11":{"start":{"line":12,"column":0},"end":{"line":12,"column":0}},"12":{"start":{"line":13,"column":0},"end":{"line":13,"column":30}},"13":{"start":{"line":14,"column":0},"end":{"line":14,"column":34}},"14":{"start":{"line":15,"column":0},"end":{"line":15,"column":12}},"15":{"start":{"line":16,"column":0},"end":{"line":16,"column":17}},"16":{"start":{"line":17,"column":0},"end":{"line":17,"column":56}},"17":{"start":{"line":18,"column":0},"end":{"line":18,"column":3}},"18":{"start":{"line":19,"column":0},"end":{"line":19,"column":9}},"19":{"start":{"line":20,"column":0},"end":{"line":20,"column":3}},"20":{"start":{"line":21,"column":0},"end":{"line":21,"column":0}},"21":{"start":{"line":22,"column":0},"end":{"line":22,"column":37}},"22":{"start":{"line":23,"column":0},"end":{"line":23,"column":36}},"23":{"start":{"line":24,"column":0},"end":{"line":24,"column":41}},"24":{"start":{"line":25,"column":0},"end":{"line":25,"column":3}},"25":{"start":{"line":26,"column":0},"end":{"line":26,"column":0}},"26":{"start":{"line":27,"column":0},"end":{"line":27,"column":38}},"27":{"start":{"line":28,"column":0},"end":{"line":28,"column":54}},"28":{"start":{"line":29,"column":0},"end":{"line":29,"column":3}},"29":{"start":{"line":30,"column":0},"end":{"line":30,"column":0}},"30":{"start":{"line":31,"column":0},"end":{"line":31,"column":43}},"31":{"start":{"line":32,"column":0},"end":{"line":32,"column":39}},"32":{"start":{"line":33,"column":0},"end":{"line":33,"column":3}},"33":{"start":{"line":34,"column":0},"end":{"line":34,"column":0}},"34":{"start":{"line":35,"column":0},"end":{"line":35,"column":0}},"35":{"start":{"line":36,"column":0},"end":{"line":36,"column":30}},"36":{"start":{"line":37,"column":0},"end":{"line":37,"column":34}},"37":{"start":{"line":38,"column":0},"end":{"line":38,"column":12}},"38":{"start":{"line":39,"column":0},"end":{"line":39,"column":17}},"39":{"start":{"line":40,"column":0},"end":{"line":40,"column":56}},"40":{"start":{"line":41,"column":0},"end":{"line":41,"column":3}},"41":{"start":{"line":42,"column":0},"end":{"line":42,"column":9}},"42":{"start":{"line":43,"column":0},"end":{"line":43,"column":3}},"43":{"start":{"line":44,"column":0},"end":{"line":44,"column":0}},"44":{"start":{"line":45,"column":0},"end":{"line":45,"column":21}}},"s":{"0":1,"1":1,"2":1,"3":1,"4":1,"5":1,"6":1,"7":1,"8":1,"9":1,"10":1,"11":1,"12":1,"13":1,"14":0,"15":0,"16":0,"17":0,"18":0,"19":1,"20":1,"21":1,"22":11,"23":0,"24":1,"25":1,"26":1,"27":0,"28":1,"29":1,"30":1,"31":2,"32":1,"33":1,"34":1,"35":1,"36":1,"37":11,"38":11,"39":11,"40":11,"41":0,"42":1,"43":1,"44":1},"branchMap":{"0":{"type":"branch","line":22,"loc":{"start":{"line":22,"column":17},"end":{"line":25,"column":2}},"locations":[{"start":{"line":22,"column":17},"end":{"line":25,"column":2}}]},"1":{"type":"branch","line":23,"loc":{"start":{"line":23,"column":35},"end":{"line":25,"column":2}},"locations":[{"start":{"line":23,"column":35},"end":{"line":25,"column":2}}]},"2":{"type":"branch","line":31,"loc":{"start":{"line":31,"column":23},"end":{"line":33,"column":2}},"locations":[{"start":{"line":31,"column":23},"end":{"line":33,"column":2}}]},"3":{"type":"branch","line":37,"loc":{"start":{"line":37,"column":8},"end":{"line":43,"column":2}},"locations":[{"start":{"line":37,"column":8},"end":{"line":43,"column":2}}]},"4":{"type":"branch","line":41,"loc":{"start":{"line":41,"column":2},"end":{"line":43,"column":2}},"locations":[{"start":{"line":41,"column":2},"end":{"line":43,"column":2}}]}},"b":{"0":[11],"1":[0],"2":[2],"3":[11],"4":[0]},"fnMap":{},"f":{}}
}
