TN:
SF:03-errorcount.js
FNF:0
FNH:0
DA:1,1
DA:2,1
DA:3,1
DA:4,1
DA:5,1
DA:6,1
DA:7,1
DA:8,1
DA:9,1
DA:10,1
DA:11,1
DA:12,1
DA:13,1
DA:14,1
DA:15,0
DA:16,0
DA:17,0
DA:18,0
DA:19,0
DA:20,1
DA:21,1
DA:22,1
DA:23,11
DA:24,0
DA:25,1
DA:26,1
DA:27,1
DA:28,0
DA:29,1
DA:30,1
DA:31,1
DA:32,2
DA:33,1
DA:34,1
DA:35,1
DA:36,1
DA:37,1
DA:38,11
DA:39,11
DA:40,11
DA:41,11
DA:42,0
DA:43,1
DA:44,1
DA:45,1
LF:45
LH:37
BRDA:22,0,0,11
BRDA:23,1,0,0
BRDA:31,2,0,2
BRDA:37,3,0,11
BRDA:41,4,0,0
BRF:5
BRH:3
end_of_record
